<?xml version="1.0" encoding="UTF-8"?>
<testsuite name="education.platform.backend.BackendApplicationTests" tests="1" skipped="0" failures="0" errors="0" timestamp="2024-01-09T23:36:55" hostname="Batyrkhans-MacBook-Pro.local" time="0.29">
  <properties/>
  <testcase name="contextLoads()" classname="education.platform.backend.BackendApplicationTests" time="0.29"/>
  <system-out><![CDATA[05:36:52.993 [Test worker] INFO org.springframework.test.context.support.AnnotationConfigContextLoaderUtils -- Could not detect default configuration classes for test class [education.platform.backend.BackendApplicationTests]: BackendApplicationTests does not declare any static, non-private, non-final, nested classes annotated with @Configuration.
05:36:53.041 [Test worker] INFO org.springframework.boot.test.context.SpringBootTestContextBootstrapper -- Found @SpringBootConfiguration education.platform.backend.BackendApplication for test class education.platform.backend.BackendApplicationTests

  .   ____          _            __ _ _
 /\\ / ___'_ __ _ _(_)_ __  __ _ \ \ \ \
( ( )\___ | '_ | '_| | '_ \/ _` | \ \ \ \
 \\/  ___)| |_)| | | | | || (_| |  ) ) ) )
  '  |____| .__|_| |_|_| |_\__, | / / / /
 =========|_|==============|___/=/_/_/_/
 :: Spring Boot ::                (v3.2.1)

2024-01-10T05:36:53.214+06:00  INFO 85604 --- [    Test worker] e.p.backend.BackendApplicationTests      : Starting BackendApplicationTests using Java 17.0.9 with PID 85604 (started by batyrkhan in /Users/batyrkhan/IdeaProjects/eloquenta/backend)
2024-01-10T05:36:53.215+06:00  INFO 85604 --- [    Test worker] e.p.backend.BackendApplicationTests      : No active profile set, falling back to 1 default profile: "default"
2024-01-10T05:36:53.593+06:00  INFO 85604 --- [    Test worker] .s.d.r.c.RepositoryConfigurationDelegate : Bootstrapping Spring Data JPA repositories in DEFAULT mode.
2024-01-10T05:36:53.634+06:00  INFO 85604 --- [    Test worker] .s.d.r.c.RepositoryConfigurationDelegate : Finished Spring Data repository scanning in 37 ms. Found 10 JPA repository interfaces.
2024-01-10T05:36:53.890+06:00  INFO 85604 --- [    Test worker] o.hibernate.jpa.internal.util.LogHelper  : HHH000204: Processing PersistenceUnitInfo [name: default]
2024-01-10T05:36:53.914+06:00  INFO 85604 --- [    Test worker] org.hibernate.Version                    : HHH000412: Hibernate ORM core version 6.4.1.Final
2024-01-10T05:36:53.928+06:00  INFO 85604 --- [    Test worker] o.h.c.internal.RegionFactoryInitiator    : HHH000026: Second-level cache disabled
2024-01-10T05:36:54.036+06:00  INFO 85604 --- [    Test worker] o.s.o.j.p.SpringPersistenceUnitInfo      : No LoadTimeWeaver setup: ignoring JPA class transformer
2024-01-10T05:36:54.048+06:00  INFO 85604 --- [    Test worker] com.zaxxer.hikari.HikariDataSource       : HikariPool-1 - Starting...
2024-01-10T05:36:54.099+06:00  INFO 85604 --- [    Test worker] com.zaxxer.hikari.pool.HikariPool        : HikariPool-1 - Added connection org.mariadb.jdbc.MariaDbConnection@3c9e19de
2024-01-10T05:36:54.100+06:00  INFO 85604 --- [    Test worker] com.zaxxer.hikari.HikariDataSource       : HikariPool-1 - Start completed.
2024-01-10T05:36:54.737+06:00  INFO 85604 --- [    Test worker] o.h.e.t.j.p.i.JtaPlatformInitiator       : HHH000489: No JTA platform available (set 'hibernate.transaction.jta.platform' to enable JTA platform integration)
2024-01-10T05:36:54.810+06:00  INFO 85604 --- [    Test worker] j.LocalContainerEntityManagerFactoryBean : Initialized JPA EntityManagerFactory for persistence unit 'default'
2024-01-10T05:36:55.086+06:00  INFO 85604 --- [    Test worker] o.s.d.j.r.query.QueryEnhancerFactory     : Hibernate is in classpath; If applicable, HQL parser will be used.
2024-01-10T05:36:55.362+06:00  WARN 85604 --- [    Test worker] JpaBaseConfiguration$JpaWebConfiguration : spring.jpa.open-in-view is enabled by default. Therefore, database queries may be performed during view rendering. Explicitly configure spring.jpa.open-in-view to disable this warning
2024-01-10T05:36:55.563+06:00  INFO 85604 --- [    Test worker] o.s.s.web.DefaultSecurityFilterChain     : Will secure any request with [org.springframework.security.web.session.DisableEncodeUrlFilter@3bb59485, org.springframework.security.web.context.request.async.WebAsyncManagerIntegrationFilter@27d9a016, org.springframework.security.web.context.SecurityContextHolderFilter@675c1335, org.springframework.security.web.header.HeaderWriterFilter@23317e8a, org.springframework.security.web.authentication.logout.LogoutFilter@1082883b, education.platform.backend.Config.JwtAuthenticationFilter@68c9cf93, org.springframework.security.web.savedrequest.RequestCacheAwareFilter@7c142018, org.springframework.security.web.servletapi.SecurityContextHolderAwareRequestFilter@7ef706b0, org.springframework.security.web.authentication.AnonymousAuthenticationFilter@2715b3ea, org.springframework.security.web.access.ExceptionTranslationFilter@295f115d, org.springframework.security.web.access.intercept.AuthorizationFilter@736de3b6]
2024-01-10T05:36:55.797+06:00  INFO 85604 --- [    Test worker] e.p.backend.BackendApplicationTests      : Started BackendApplicationTests in 2.691 seconds (process running for 3.218)
]]></system-out>
  <system-err><![CDATA[]]></system-err>
</testsuite>
